<?xml version="1.0" encoding="UTF-8"?>
<!-- Generated by org.testng.reporters.JUnitReportReporter -->
<testsuite skipped="0" hostname="WARDV250124-L87" name="cp.CasosDePrueba" tests="3" failures="0" timestamp="20 Aug 2018 16:57:42 GMT" time="93.312" errors="0">
  <testcase name="caso1" time="26.898" classname="cp.CasosDePrueba"/>
  <testcase name="caso2" time="36.783" classname="cp.CasosDePrueba"/>
  <testcase name="caso3" time="29.631" classname="cp.CasosDePrueba"/>
</testsuite> <!-- cp.CasosDePrueba -->
